 ******* Program HYDRUS-1D
 ******* 
 Welcome to HYDRUS-1D                                                    
 Date:  16. 3.2026    Time:  13:17:23
 Units: L = cm   , T = days , M = mmol 

----------------------------------------------------------
 Time       [T]        0.0000
----------------------------------------------------------
 Sub-region num.                     1
----------------------------------------------------------
 Length   [L]        0.17500E+03  0.17500E+03
 W-volume [L]        0.44279E+02  0.44279E+02
 In-flow  [L/T]      0.00000E+00  0.00000E+00
 h Mean   [L]       -0.15000E+03 -0.15000E+03
 Top Flux [L/T]     -0.45707E-02
 Bot Flux [L/T]     -0.14166E-02
----------------------------------------------------------

----------------------------------------------------------
 Time       [T]      861.0000
----------------------------------------------------------
 Sub-region num.                     1
----------------------------------------------------------
 Length   [L]        0.17500E+03  0.17500E+03
 W-volume [L]        0.42860E+02  0.42860E+02
 In-flow  [L/T]     -0.59744E-01 -0.59744E-01
 h Mean   [L]       -0.16797E+03 -0.16797E+03
 Top Flux [L/T]      0.43125E-01
 Bot Flux [L/T]     -0.50280E-02
 WatBalT  [L]       -0.33401E+00
 WatBalR  [%]              0.169
----------------------------------------------------------
 
 Calculation time [sec]   10.2099999953061     
