 ******* Program HYDRUS-1D
 ******* 
 Welcome to HYDRUS-1D                                                    
 Date:  16. 3.2026    Time:  13:17:23
 Units: L = cm   , T = days , M = mmol 
 
 CosAlf,MaxIt,TolTh,  TolH
 1.000   10   0.001 1.00000
 
 TopInF,BotInF,AtmBC,SinkF,WLayer,qGWLF,FreeD,SeepF,lWat,lChem,lTemp,lRoot,lWDep
     T     F     T     T     F     F     T     F     T     F     F     T     F

Nodal point information

node      x         hOld    MatN LayN  Beta      Ah       AK      ATh     Temp    Conc(1...NS)         Sorb(1...NS)

   1      0.000   -150.000    1    1   0.000    1.000    1.000    1.000
   2     -1.750   -150.000    1    1   0.000    1.000    1.000    1.000
   3     -3.500   -150.000    1    1   0.000    1.000    1.000    1.000
   4     -5.250   -150.000    1    1   0.000    1.000    1.000    1.000
   5     -7.000   -150.000    1    1   0.000    1.000    1.000    1.000
   6     -8.750   -150.000    1    1   0.000    1.000    1.000    1.000
   7    -10.500   -150.000    2    1   0.000    1.000    1.000    1.000
   8    -12.250   -150.000    2    1   0.000    1.000    1.000    1.000
   9    -14.000   -150.000    2    1   0.000    1.000    1.000    1.000
  10    -15.750   -150.000    2    1   0.000    1.000    1.000    1.000
  11    -17.500   -150.000    2    1   0.000    1.000    1.000    1.000
  12    -19.250   -150.000    2    1   0.000    1.000    1.000    1.000
  13    -21.000   -150.000    2    1   0.000    1.000    1.000    1.000
  14    -22.750   -150.000    2    1   0.000    1.000    1.000    1.000
  15    -24.500   -150.000    2    1   0.000    1.000    1.000    1.000
  16    -26.250   -150.000    2    1   0.000    1.000    1.000    1.000
  17    -28.000   -150.000    2    1   0.000    1.000    1.000    1.000
  18    -29.750   -150.000    2    1   0.000    1.000    1.000    1.000
  19    -31.500   -150.000    2    1   0.000    1.000    1.000    1.000
  20    -33.250   -150.000    2    1   0.000    1.000    1.000    1.000
  21    -35.000   -150.000    2    1   0.000    1.000    1.000    1.000
  22    -36.750   -150.000    2    1   0.000    1.000    1.000    1.000
  23    -38.500   -150.000    2    1   0.000    1.000    1.000    1.000
  24    -40.250   -150.000    2    1   0.000    1.000    1.000    1.000
  25    -42.000   -150.000    2    1   0.000    1.000    1.000    1.000
  26    -43.750   -150.000    2    1   0.000    1.000    1.000    1.000
  27    -45.500   -150.000    2    1   0.000    1.000    1.000    1.000
  28    -47.250   -150.000    2    1   0.000    1.000    1.000    1.000
  29    -49.000   -150.000    2    1   0.000    1.000    1.000    1.000
  30    -50.750   -150.000    2    1   0.000    1.000    1.000    1.000
  31    -52.500   -150.000    2    1   0.000    1.000    1.000    1.000
  32    -54.250   -150.000    2    1   0.000    1.000    1.000    1.000
  33    -56.000   -150.000    2    1   0.000    1.000    1.000    1.000
  34    -57.750   -150.000    2    1   0.000    1.000    1.000    1.000
  35    -59.500   -150.000    2    1   0.000    1.000    1.000    1.000
  36    -61.250   -150.000    2    1   0.000    1.000    1.000    1.000
  37    -63.000   -150.000    2    1   0.000    1.000    1.000    1.000
  38    -64.750   -150.000    2    1   0.000    1.000    1.000    1.000
  39    -66.500   -150.000    2    1   0.000    1.000    1.000    1.000
  40    -68.250   -150.000    2    1   0.000    1.000    1.000    1.000
  41    -70.000   -150.000    2    1   0.000    1.000    1.000    1.000
  42    -71.750   -150.000    2    1   0.000    1.000    1.000    1.000
  43    -73.500   -150.000    2    1   0.000    1.000    1.000    1.000
  44    -75.250   -150.000    2    1   0.000    1.000    1.000    1.000
  45    -77.000   -150.000    2    1   0.000    1.000    1.000    1.000
  46    -78.750   -150.000    2    1   0.000    1.000    1.000    1.000
  47    -80.500   -150.000    2    1   0.000    1.000    1.000    1.000
  48    -82.250   -150.000    2    1   0.000    1.000    1.000    1.000
  49    -84.000   -150.000    2    1   0.000    1.000    1.000    1.000
  50    -85.750   -150.000    2    1   0.000    1.000    1.000    1.000
  51    -87.500   -150.000    2    1   0.000    1.000    1.000    1.000
  52    -89.250   -150.000    2    1   0.000    1.000    1.000    1.000
  53    -91.000   -150.000    2    1   0.000    1.000    1.000    1.000
  54    -92.750   -150.000    2    1   0.000    1.000    1.000    1.000
  55    -94.500   -150.000    2    1   0.000    1.000    1.000    1.000
  56    -96.250   -150.000    2    1   0.000    1.000    1.000    1.000
  57    -98.000   -150.000    2    1   0.000    1.000    1.000    1.000
  58    -99.750   -150.000    2    1   0.000    1.000    1.000    1.000
  59   -101.500   -150.000    2    1   0.000    1.000    1.000    1.000
  60   -103.250   -150.000    2    1   0.000    1.000    1.000    1.000
  61   -105.000   -150.000    2    1   0.000    1.000    1.000    1.000
  62   -106.750   -150.000    2    1   0.000    1.000    1.000    1.000
  63   -108.500   -150.000    2    1   0.000    1.000    1.000    1.000
  64   -110.250   -150.000    2    1   0.000    1.000    1.000    1.000
  65   -112.000   -150.000    2    1   0.000    1.000    1.000    1.000
  66   -113.750   -150.000    2    1   0.000    1.000    1.000    1.000
  67   -115.500   -150.000    2    1   0.000    1.000    1.000    1.000
  68   -117.250   -150.000    2    1   0.000    1.000    1.000    1.000
  69   -119.000   -150.000    2    1   0.000    1.000    1.000    1.000
  70   -120.750   -150.000    2    1   0.000    1.000    1.000    1.000
  71   -122.500   -150.000    2    1   0.000    1.000    1.000    1.000
  72   -124.250   -150.000    2    1   0.000    1.000    1.000    1.000
  73   -126.000   -150.000    2    1   0.000    1.000    1.000    1.000
  74   -127.750   -150.000    2    1   0.000    1.000    1.000    1.000
  75   -129.500   -150.000    2    1   0.000    1.000    1.000    1.000
  76   -131.250   -150.000    2    1   0.000    1.000    1.000    1.000
  77   -133.000   -150.000    2    1   0.000    1.000    1.000    1.000
  78   -134.750   -150.000    2    1   0.000    1.000    1.000    1.000
  79   -136.500   -150.000    2    1   0.000    1.000    1.000    1.000
  80   -138.250   -150.000    2    1   0.000    1.000    1.000    1.000
  81   -140.000   -150.000    2    1   0.000    1.000    1.000    1.000
  82   -141.750   -150.000    2    1   0.000    1.000    1.000    1.000
  83   -143.500   -150.000    2    1   0.000    1.000    1.000    1.000
  84   -145.250   -150.000    2    1   0.000    1.000    1.000    1.000
  85   -147.000   -150.000    2    1   0.000    1.000    1.000    1.000
  86   -148.750   -150.000    2    1   0.000    1.000    1.000    1.000
  87   -150.500   -150.000    2    1   0.000    1.000    1.000    1.000
  88   -152.250   -150.000    3    1   0.000    1.000    1.000    1.000
  89   -154.000   -150.000    3    1   0.000    1.000    1.000    1.000
  90   -155.750   -150.000    3    1   0.000    1.000    1.000    1.000
  91   -157.500   -150.000    3    1   0.000    1.000    1.000    1.000
  92   -159.250   -150.000    3    1   0.000    1.000    1.000    1.000
  93   -161.000   -150.000    3    1   0.000    1.000    1.000    1.000
  94   -162.750   -150.000    3    1   0.000    1.000    1.000    1.000
  95   -164.500   -150.000    3    1   0.000    1.000    1.000    1.000
  96   -166.250   -150.000    3    1   0.000    1.000    1.000    1.000
  97   -168.000   -150.000    3    1   0.000    1.000    1.000    1.000
  98   -169.750   -150.000    3    1   0.000    1.000    1.000    1.000
  99   -171.500   -150.000    3    1   0.000    1.000    1.000    1.000
 100   -173.250   -150.000    3    1   0.000    1.000    1.000    1.000
 101   -175.000   -150.000    3    1   0.000    1.000    1.000    1.000
end

 Number of species in the chain :   0


MatNum, Param. array:

   Mat     Qr     Qs        Alfa         n          Ks      l

    1    0.079  0.470   0.300E-01   0.135E+01   0.600E+01   0.500E+00
    2    0.081  0.423   0.190E-01   0.145E+01   0.800E+01   0.500E+00
    3    0.050  0.370   0.353E-01   0.318E+01   0.643E+03   0.500E+00

       Table of Hydraulic Properties which are interpolated in simulation
       =================================================================

  theta         h        log h        C             K        log K          S          Kv
 
  0.4700  -0.100E-05 -0.6000E+01  0.9553E-05  0.5972E+01  0.7761E+00    1.0000  0.0000E+00
  0.4700  -0.126E-05 -0.5899E+01  0.1036E-04  0.5970E+01  0.7760E+00    1.0000  0.0000E+00
  0.4700  -0.159E-05 -0.5798E+01  0.1124E-04  0.5967E+01  0.7758E+00    1.0000  0.0000E+00
  0.4700  -0.201E-05 -0.5697E+01  0.1220E-04  0.5964E+01  0.7756E+00    1.0000  0.0000E+00
  0.4700  -0.254E-05 -0.5596E+01  0.1323E-04  0.5961E+01  0.7753E+00    1.0000  0.0000E+00
  0.4700  -0.320E-05 -0.5495E+01  0.1435E-04  0.5958E+01  0.7751E+00    1.0000  0.0000E+00
  0.4700  -0.404E-05 -0.5394E+01  0.1557E-04  0.5955E+01  0.7748E+00    1.0000  0.0000E+00
  0.4700  -0.509E-05 -0.5293E+01  0.1689E-04  0.5951E+01  0.7746E+00    1.0000  0.0000E+00
  0.4700  -0.643E-05 -0.5192E+01  0.1832E-04  0.5947E+01  0.7743E+00    1.0000  0.0000E+00
  0.4700  -0.811E-05 -0.5091E+01  0.1988E-04  0.5942E+01  0.7739E+00    1.0000  0.0000E+00
  0.4700  -0.102E-04 -0.4990E+01  0.2156E-04  0.5937E+01  0.7736E+00    1.0000  0.0000E+00
  0.4700  -0.129E-04 -0.4889E+01  0.2339E-04  0.5932E+01  0.7732E+00    1.0000  0.0000E+00
  0.4700  -0.163E-04 -0.4788E+01  0.2537E-04  0.5926E+01  0.7728E+00    1.0000  0.0000E+00
  0.4700  -0.206E-04 -0.4687E+01  0.2753E-04  0.5920E+01  0.7723E+00    1.0000  0.0000E+00
  0.4700  -0.260E-04 -0.4586E+01  0.2986E-04  0.5913E+01  0.7718E+00    1.0000  0.0000E+00
  0.4700  -0.327E-04 -0.4485E+01  0.3239E-04  0.5906E+01  0.7713E+00    1.0000  0.0000E+00
  0.4700  -0.413E-04 -0.4384E+01  0.3514E-04  0.5898E+01  0.7707E+00    1.0000  0.0000E+00
  0.4700  -0.521E-04 -0.4283E+01  0.3812E-04  0.5889E+01  0.7700E+00    1.0000  0.0000E+00
  0.4700  -0.658E-04 -0.4182E+01  0.4135E-04  0.5880E+01  0.7694E+00    1.0000  0.0000E+00
  0.4700  -0.830E-04 -0.4081E+01  0.4486E-04  0.5870E+01  0.7686E+00    1.0000  0.0000E+00
  0.4700  -0.105E-03 -0.3980E+01  0.4866E-04  0.5859E+01  0.7678E+00    1.0000  0.0000E+00
  0.4700  -0.132E-03 -0.3879E+01  0.5279E-04  0.5847E+01  0.7669E+00    1.0000  0.0000E+00
  0.4700  -0.167E-03 -0.3778E+01  0.5727E-04  0.5834E+01  0.7659E+00    1.0000  0.0000E+00
  0.4700  -0.210E-03 -0.3677E+01  0.6213E-04  0.5820E+01  0.7649E+00    1.0000  0.0000E+00
  0.4700  -0.266E-03 -0.3576E+01  0.6739E-04  0.5805E+01  0.7638E+00    1.0000  0.0000E+00
  0.4700  -0.335E-03 -0.3475E+01  0.7311E-04  0.5788E+01  0.7625E+00    1.0000  0.0000E+00
  0.4700  -0.423E-03 -0.3374E+01  0.7931E-04  0.5770E+01  0.7612E+00    1.0000  0.0000E+00
  0.4700  -0.534E-03 -0.3273E+01  0.8604E-04  0.5751E+01  0.7597E+00    1.0000  0.0000E+00
  0.4700  -0.673E-03 -0.3172E+01  0.9333E-04  0.5730E+01  0.7582E+00    1.0000  0.9920E-30
  0.4700  -0.850E-03 -0.3071E+01  0.1012E-03  0.5708E+01  0.7565E+00    1.0000  0.9920E-30
  0.4700  -0.107E-02 -0.2970E+01  0.1098E-03  0.5683E+01  0.7546E+00    1.0000  0.3832E-29
  0.4700  -0.135E-02 -0.2869E+01  0.1192E-03  0.5657E+01  0.7526E+00    1.0000  0.9998E-29
  0.4700  -0.171E-02 -0.2768E+01  0.1293E-03  0.5628E+01  0.7504E+00    1.0000  0.2104E-28
  0.4700  -0.215E-02 -0.2667E+01  0.1402E-03  0.5597E+01  0.7480E+00    1.0000  0.1008E-27
  0.4700  -0.272E-02 -0.2566E+01  0.1521E-03  0.5563E+01  0.7453E+00    1.0000  0.2120E-27
  0.4700  -0.343E-02 -0.2465E+01  0.1650E-03  0.5527E+01  0.7425E+00    1.0000  0.6509E-27
  0.4700  -0.433E-02 -0.2364E+01  0.1790E-03  0.5488E+01  0.7394E+00    1.0000  0.1801E-26
  0.4700  -0.546E-02 -0.2263E+01  0.1942E-03  0.5446E+01  0.7360E+00    1.0000  0.5124E-26
  0.4700  -0.689E-02 -0.2162E+01  0.2107E-03  0.5400E+01  0.7324E+00    1.0000  0.1516E-25
  0.4700  -0.870E-02 -0.2061E+01  0.2285E-03  0.5350E+01  0.7284E+00    1.0000  0.4237E-25
  0.4700  -0.110E-01 -0.1960E+01  0.2479E-03  0.5297E+01  0.7240E+00    1.0000  0.1263E-24
  0.4700  -0.138E-01 -0.1859E+01  0.2689E-03  0.5239E+01  0.7193E+00    1.0000  0.3587E-24
  0.4700  -0.175E-01 -0.1758E+01  0.2917E-03  0.5177E+01  0.7141E+00    1.0000  0.1013E-23
  0.4700  -0.221E-01 -0.1657E+01  0.3165E-03  0.5110E+01  0.7084E+00    1.0000  0.2839E-23
  0.4700  -0.278E-01 -0.1556E+01  0.3433E-03  0.5038E+01  0.7023E+00    1.0000  0.8108E-23
  0.4700  -0.351E-01 -0.1455E+01  0.3724E-03  0.4960E+01  0.6955E+00    1.0000  0.2323E-22
  0.4700  -0.443E-01 -0.1354E+01  0.4039E-03  0.4877E+01  0.6881E+00    1.0000  0.6621E-22
  0.4700  -0.559E-01 -0.1253E+01  0.4382E-03  0.4787E+01  0.6800E+00    1.0000  0.1884E-21
  0.4700  -0.705E-01 -0.1152E+01  0.4753E-03  0.4690E+01  0.6712E+00    0.9999  0.5374E-21
  0.4700  -0.890E-01 -0.1051E+01  0.5156E-03  0.4586E+01  0.6615E+00    0.9999  0.1528E-20
  0.4700  -0.112E+00 -0.9495E+00  0.5592E-03  0.4475E+01  0.6508E+00    0.9999  0.4352E-20
  0.4699  -0.142E+00 -0.8485E+00  0.6065E-03  0.4356E+01  0.6391E+00    0.9998  0.1239E-19
  0.4699  -0.179E+00 -0.7475E+00  0.6577E-03  0.4229E+01  0.6262E+00    0.9998  0.3526E-19
  0.4699  -0.226E+00 -0.6465E+00  0.7132E-03  0.4093E+01  0.6120E+00    0.9997  0.1003E-18
  0.4698  -0.285E+00 -0.5455E+00  0.7733E-03  0.3948E+01  0.5964E+00    0.9996  0.2855E-18
  0.4698  -0.359E+00 -0.4444E+00  0.8383E-03  0.3794E+01  0.5791E+00    0.9994  0.8120E-18
  0.4697  -0.453E+00 -0.3434E+00  0.9084E-03  0.3630E+01  0.5599E+00    0.9992  0.2309E-17
  0.4696  -0.572E+00 -0.2424E+00  0.9841E-03  0.3456E+01  0.5386E+00    0.9989  0.6560E-17
  0.4694  -0.722E+00 -0.1414E+00  0.1065E-02  0.3273E+01  0.5150E+00    0.9985  0.1862E-16
  0.4692  -0.911E+00 -0.4040E-01  0.1153E-02  0.3080E+01  0.4886E+00    0.9980  0.5281E-16
  0.4689  -0.115E+01  0.6061E-01  0.1246E-02  0.2878E+01  0.4591E+00    0.9973  0.1495E-15
  0.4685  -0.145E+01  0.1616E+00  0.1345E-02  0.2667E+01  0.4261E+00    0.9963  0.4224E-15
  0.4680  -0.183E+01  0.2626E+00  0.1450E-02  0.2449E+01  0.3890E+00    0.9949  0.1190E-14
  0.4673  -0.231E+01  0.3636E+00  0.1559E-02  0.2224E+01  0.3471E+00    0.9931  0.3337E-14
  0.4663  -0.292E+01  0.4646E+00  0.1670E-02  0.1994E+01  0.2997E+00    0.9906  0.9312E-14
  0.4650  -0.368E+01  0.5657E+00  0.1782E-02  0.1761E+01  0.2459E+00    0.9872  0.2579E-13
  0.4632  -0.464E+01  0.6667E+00  0.1890E-02  0.1530E+01  0.1846E+00    0.9826  0.7076E-13
  0.4609  -0.586E+01  0.7677E+00  0.1990E-02  0.1302E+01  0.1147E+00    0.9766  0.1916E-12
  0.4577  -0.739E+01  0.8687E+00  0.2075E-02  0.1083E+01  0.3468E-01    0.9686  0.5102E-12
  0.4537  -0.933E+01  0.9697E+00  0.2135E-02  0.8772E+00 -0.5688E-01    0.9582  0.1329E-11
  0.4484  -0.118E+02  0.1071E+01  0.2162E-02  0.6893E+00 -0.1616E+00    0.9447  0.3366E-11
  0.4417  -0.148E+02  0.1172E+01  0.2148E-02  0.5234E+00 -0.2811E+00    0.9277  0.8237E-11
  0.4335  -0.187E+02  0.1273E+01  0.2084E-02  0.3829E+00 -0.4169E+00    0.9066  0.1933E-10
  0.4236  -0.236E+02  0.1374E+01  0.1968E-02  0.2692E+00 -0.5699E+00    0.8812  0.4317E-10
  0.4119  -0.298E+02  0.1475E+01  0.1806E-02  0.1816E+00 -0.7409E+00    0.8513  0.9123E-10
  0.3986  -0.376E+02  0.1576E+01  0.1606E-02  0.1176E+00 -0.9297E+00    0.8172  0.1814E-09
  0.3838  -0.475E+02  0.1677E+01  0.1386E-02  0.7319E-01 -0.1136E+01    0.7795  0.3387E-09
  0.3681  -0.599E+02  0.1778E+01  0.1161E-02  0.4393E-01 -0.1357E+01    0.7392  0.5934E-09
  0.3516  -0.756E+02  0.1879E+01  0.9471E-03  0.2554E-01 -0.1593E+01    0.6970  0.9773E-09
  0.3349  -0.955E+02  0.1980E+01  0.7550E-03  0.1445E-01 -0.1840E+01    0.6542  0.1519E-08
  0.3182  -0.120E+03  0.2081E+01  0.5903E-03  0.7991E-02 -0.2097E+01    0.6115  0.2238E-08
  0.3019  -0.152E+03  0.2182E+01  0.4542E-03  0.4340E-02 -0.2362E+01    0.5698  0.3145E-08
  0.2861  -0.192E+03  0.2283E+01  0.3451E-03  0.2324E-02 -0.2634E+01    0.5295  0.4238E-08
  0.2711  -0.242E+03  0.2384E+01  0.2597E-03  0.1230E-02 -0.2910E+01    0.4911  0.5505E-08
  0.2569  -0.305E+03  0.2485E+01  0.1939E-03  0.6461E-03 -0.3190E+01    0.4548  0.6928E-08
  0.2436  -0.385E+03  0.2586E+01  0.1440E-03  0.3371E-03 -0.3472E+01    0.4206  0.8482E-08
  0.2311  -0.486E+03  0.2687E+01  0.1065E-03  0.1750E-03 -0.3757E+01    0.3887  0.1014E-07
  0.2195  -0.614E+03  0.2788E+01  0.7848E-04  0.9058E-04 -0.4043E+01    0.3590  0.1188E-07
  0.2087  -0.774E+03  0.2889E+01  0.5771E-04  0.4675E-04 -0.4330E+01    0.3314  0.1367E-07
  0.1987  -0.977E+03  0.2990E+01  0.4236E-04  0.2408E-04 -0.4618E+01    0.3058  0.1549E-07
  0.1894  -0.123E+04  0.3091E+01  0.3106E-04  0.1239E-04 -0.4907E+01    0.2821  0.1732E-07
  0.1809  -0.156E+04  0.3192E+01  0.2275E-04  0.6365E-05 -0.5196E+01    0.2601  0.1915E-07
  0.1730  -0.196E+04  0.3293E+01  0.1665E-04  0.3268E-05 -0.5486E+01    0.2399  0.2094E-07
  0.1656  -0.248E+04  0.3394E+01  0.1218E-04  0.1677E-05 -0.5775E+01    0.2212  0.2270E-07
  0.1589  -0.313E+04  0.3495E+01  0.8906E-05  0.8602E-06 -0.6065E+01    0.2040  0.2441E-07
  0.1527  -0.394E+04  0.3596E+01  0.6511E-05  0.4411E-06 -0.6355E+01    0.1880  0.2606E-07
  0.1469  -0.498E+04  0.3697E+01  0.4759E-05  0.2262E-06 -0.6646E+01    0.1734  0.2764E-07
  0.1417  -0.628E+04  0.3798E+01  0.3478E-05  0.1159E-06 -0.6936E+01    0.1598  0.2915E-07
  0.1368  -0.792E+04  0.3899E+01  0.2541E-05  0.5942E-07 -0.7226E+01    0.1473  0.3059E-07
  0.1323  -0.100E+05  0.4000E+01  0.1857E-05  0.3045E-07 -0.7516E+01    0.1358  0.3194E-07
end
 
  0.4231  -0.100E-05 -0.6000E+01  0.9799E-06  0.7995E+01  0.9028E+00    1.0000  0.0000E+00
  0.4231  -0.126E-05 -0.5899E+01  0.1088E-05  0.7994E+01  0.9028E+00    1.0000  0.0000E+00
  0.4231  -0.159E-05 -0.5798E+01  0.1208E-05  0.7993E+01  0.9027E+00    1.0000  0.0000E+00
  0.4231  -0.201E-05 -0.5697E+01  0.1341E-05  0.7993E+01  0.9027E+00    1.0000  0.0000E+00
  0.4231  -0.254E-05 -0.5596E+01  0.1489E-05  0.7992E+01  0.9026E+00    1.0000  0.0000E+00
  0.4231  -0.320E-05 -0.5495E+01  0.1654E-05  0.7991E+01  0.9026E+00    1.0000  0.0000E+00
  0.4231  -0.404E-05 -0.5394E+01  0.1836E-05  0.7990E+01  0.9025E+00    1.0000  0.0000E+00
  0.4231  -0.509E-05 -0.5293E+01  0.2039E-05  0.7989E+01  0.9025E+00    1.0000  0.0000E+00
  0.4231  -0.643E-05 -0.5192E+01  0.2264E-05  0.7988E+01  0.9024E+00    1.0000  0.0000E+00
  0.4231  -0.811E-05 -0.5091E+01  0.2513E-05  0.7986E+01  0.9023E+00    1.0000  0.0000E+00
  0.4231  -0.102E-04 -0.4990E+01  0.2791E-05  0.7985E+01  0.9023E+00    1.0000  0.0000E+00
  0.4231  -0.129E-04 -0.4889E+01  0.3099E-05  0.7983E+01  0.9022E+00    1.0000  0.0000E+00
  0.4231  -0.163E-04 -0.4788E+01  0.3441E-05  0.7981E+01  0.9021E+00    1.0000  0.0000E+00
  0.4231  -0.206E-04 -0.4687E+01  0.3820E-05  0.7979E+01  0.9020E+00    1.0000  0.0000E+00
  0.4231  -0.260E-04 -0.4586E+01  0.4242E-05  0.7977E+01  0.9018E+00    1.0000  0.0000E+00
  0.4231  -0.327E-04 -0.4485E+01  0.4710E-05  0.7974E+01  0.9017E+00    1.0000  0.0000E+00
  0.4231  -0.413E-04 -0.4384E+01  0.5229E-05  0.7971E+01  0.9015E+00    1.0000  0.0000E+00
  0.4231  -0.521E-04 -0.4283E+01  0.5806E-05  0.7968E+01  0.9014E+00    1.0000  0.0000E+00
  0.4231  -0.658E-04 -0.4182E+01  0.6447E-05  0.7965E+01  0.9012E+00    1.0000  0.0000E+00
  0.4231  -0.830E-04 -0.4081E+01  0.7158E-05  0.7961E+01  0.9010E+00    1.0000  0.0000E+00
  0.4231  -0.105E-03 -0.3980E+01  0.7948E-05  0.7957E+01  0.9007E+00    1.0000  0.0000E+00
  0.4231  -0.132E-03 -0.3879E+01  0.8825E-05  0.7952E+01  0.9005E+00    1.0000  0.0000E+00
  0.4231  -0.167E-03 -0.3778E+01  0.9799E-05  0.7946E+01  0.9002E+00    1.0000  0.0000E+00
  0.4231  -0.210E-03 -0.3677E+01  0.1088E-04  0.7941E+01  0.8999E+00    1.0000  0.0000E+00
  0.4231  -0.266E-03 -0.3576E+01  0.1208E-04  0.7934E+01  0.8995E+00    1.0000  0.0000E+00
  0.4231  -0.335E-03 -0.3475E+01  0.1341E-04  0.7927E+01  0.8991E+00    1.0000  0.0000E+00
  0.4231  -0.423E-03 -0.3374E+01  0.1489E-04  0.7919E+01  0.8987E+00    1.0000  0.0000E+00
  0.4231  -0.534E-03 -0.3273E+01  0.1654E-04  0.7910E+01  0.8982E+00    1.0000  0.0000E+00
  0.4231  -0.673E-03 -0.3172E+01  0.1836E-04  0.7900E+01  0.8976E+00    1.0000  0.0000E+00
  0.4231  -0.850E-03 -0.3071E+01  0.2039E-04  0.7889E+01  0.8970E+00    1.0000  0.0000E+00
  0.4231  -0.107E-02 -0.2970E+01  0.2264E-04  0.7877E+01  0.8963E+00    1.0000  0.1214E-30
  0.4231  -0.135E-02 -0.2869E+01  0.2513E-04  0.7863E+01  0.8956E+00    1.0000  0.1214E-30
  0.4231  -0.171E-02 -0.2768E+01  0.2791E-04  0.7848E+01  0.8948E+00    1.0000  0.1214E-30
  0.4231  -0.215E-02 -0.2667E+01  0.3099E-04  0.7831E+01  0.8938E+00    1.0000  0.1224E-29
  0.4231  -0.272E-02 -0.2566E+01  0.3441E-04  0.7813E+01  0.8928E+00    1.0000  0.1224E-29
  0.4231  -0.343E-02 -0.2465E+01  0.3820E-04  0.7792E+01  0.8917E+00    1.0000  0.4729E-29
  0.4231  -0.433E-02 -0.2364E+01  0.4242E-04  0.7769E+01  0.8904E+00    1.0000  0.1234E-28
  0.4231  -0.546E-02 -0.2263E+01  0.4710E-04  0.7744E+01  0.8890E+00    1.0000  0.4767E-28
  0.4231  -0.689E-02 -0.2162E+01  0.5229E-04  0.7716E+01  0.8874E+00    1.0000  0.1244E-27
  0.4231  -0.870E-02 -0.2061E+01  0.5806E-04  0.7685E+01  0.8857E+00    1.0000  0.4804E-27
  0.4231  -0.110E-01 -0.1960E+01  0.6447E-04  0.7651E+01  0.8837E+00    1.0000  0.1253E-26
  0.4231  -0.138E-01 -0.1859E+01  0.7158E-04  0.7613E+01  0.8815E+00    1.0000  0.4202E-26
  0.4231  -0.175E-01 -0.1758E+01  0.7948E-04  0.7571E+01  0.8791E+00    1.0000  0.1263E-25
  0.4231  -0.221E-01 -0.1657E+01  0.8825E-04  0.7524E+01  0.8765E+00    1.0000  0.3936E-25
  0.4231  -0.278E-01 -0.1556E+01  0.9799E-04  0.7472E+01  0.8735E+00    1.0000  0.1208E-24
  0.4231  -0.351E-01 -0.1455E+01  0.1088E-03  0.7415E+01  0.8701E+00    1.0000  0.3681E-24
  0.4231  -0.443E-01 -0.1354E+01  0.1208E-03  0.7352E+01  0.8664E+00    1.0000  0.1155E-23
  0.4231  -0.559E-01 -0.1253E+01  0.1341E-03  0.7282E+01  0.8623E+00    1.0000  0.3572E-23
  0.4231  -0.705E-01 -0.1152E+01  0.1489E-03  0.7205E+01  0.8577E+00    1.0000  0.1087E-22
  0.4231  -0.890E-01 -0.1051E+01  0.1653E-03  0.7120E+01  0.8525E+00    1.0000  0.3364E-22
  0.4231  -0.112E+00 -0.9495E+00  0.1836E-03  0.7026E+01  0.8467E+00    1.0000  0.1030E-21
  0.4231  -0.142E+00 -0.8485E+00  0.2038E-03  0.6923E+01  0.8403E+00    0.9999  0.3180E-21
  0.4231  -0.179E+00 -0.7475E+00  0.2263E-03  0.6808E+01  0.8330E+00    0.9999  0.9776E-21
  0.4231  -0.226E+00 -0.6465E+00  0.2512E-03  0.6683E+01  0.8250E+00    0.9999  0.3003E-20
  0.4230  -0.285E+00 -0.5455E+00  0.2789E-03  0.6545E+01  0.8159E+00    0.9998  0.9254E-20
  0.4230  -0.359E+00 -0.4444E+00  0.3096E-03  0.6393E+01  0.8057E+00    0.9998  0.2846E-19
  0.4230  -0.453E+00 -0.3434E+00  0.3436E-03  0.6227E+01  0.7943E+00    0.9997  0.8748E-19
  0.4229  -0.572E+00 -0.2424E+00  0.3813E-03  0.6045E+01  0.7814E+00    0.9996  0.2690E-18
  0.4229  -0.722E+00 -0.1414E+00  0.4231E-03  0.5846E+01  0.7668E+00    0.9994  0.8272E-18
  0.4228  -0.911E+00 -0.4040E-01  0.4693E-03  0.5629E+01  0.7504E+00    0.9991  0.2540E-17
  0.4227  -0.115E+01  0.6061E-01  0.5203E-03  0.5393E+01  0.7318E+00    0.9988  0.7801E-17
  0.4225  -0.145E+01  0.1616E+00  0.5765E-03  0.5137E+01  0.7107E+00    0.9983  0.2392E-16
  0.4223  -0.183E+01  0.2626E+00  0.6383E-03  0.4860E+01  0.6867E+00    0.9976  0.7328E-16
  0.4220  -0.231E+01  0.3636E+00  0.7059E-03  0.4563E+01  0.6593E+00    0.9967  0.2240E-15
  0.4215  -0.292E+01  0.4646E+00  0.7794E-03  0.4245E+01  0.6279E+00    0.9954  0.6831E-15
  0.4209  -0.368E+01  0.5657E+00  0.8587E-03  0.3907E+01  0.5918E+00    0.9935  0.2075E-14
  0.4200  -0.464E+01  0.6667E+00  0.9432E-03  0.3551E+01  0.5503E+00    0.9910  0.6272E-14
  0.4188  -0.586E+01  0.7677E+00  0.1032E-02  0.3179E+01  0.5023E+00    0.9875  0.1883E-13
  0.4172  -0.739E+01  0.8687E+00  0.1122E-02  0.2796E+01  0.4466E+00    0.9826  0.5596E-13
  0.4149  -0.933E+01  0.9697E+00  0.1211E-02  0.2408E+01  0.3817E+00    0.9760  0.1642E-12
  0.4118  -0.118E+02  0.1071E+01  0.1293E-02  0.2023E+01  0.3061E+00    0.9671  0.4731E-12
  0.4077  -0.148E+02  0.1172E+01  0.1362E-02  0.1651E+01  0.2178E+00    0.9551  0.1332E-11
  0.4023  -0.187E+02  0.1273E+01  0.1409E-02  0.1302E+01  0.1147E+00    0.9393  0.3637E-11
  0.3954  -0.236E+02  0.1374E+01  0.1426E-02  0.9882E+00 -0.5158E-02    0.9189  0.9550E-11
  0.3866  -0.298E+02  0.1475E+01  0.1405E-02  0.7179E+00 -0.1439E+00    0.8932  0.2390E-10
  0.3758  -0.376E+02  0.1576E+01  0.1341E-02  0.4976E+00 -0.3031E+00    0.8617  0.5646E-10
  0.3631  -0.475E+02  0.1677E+01  0.1236E-02  0.3283E+00 -0.4837E+00    0.8245  0.1249E-09
  0.3486  -0.599E+02  0.1778E+01  0.1098E-02  0.2062E+00 -0.6857E+00    0.7821  0.2572E-09
  0.3327  -0.756E+02  0.1879E+01  0.9398E-03  0.1236E+00 -0.9081E+00    0.7354  0.4914E-09
  0.3157  -0.955E+02  0.1980E+01  0.7773E-03  0.7092E-01 -0.1149E+01    0.6858  0.8708E-09
  0.2983  -0.120E+03  0.2081E+01  0.6232E-03  0.3921E-01 -0.1407E+01    0.6349  0.1437E-08
  0.2810  -0.152E+03  0.2182E+01  0.4866E-03  0.2101E-01 -0.1678E+01    0.5841  0.2218E-08
  0.2640  -0.192E+03  0.2283E+01  0.3717E-03  0.1097E-01 -0.1960E+01    0.5346  0.3226E-08
  0.2479  -0.242E+03  0.2384E+01  0.2792E-03  0.5620E-02 -0.2250E+01    0.4873  0.4454E-08
  0.2327  -0.305E+03  0.2485E+01  0.2069E-03  0.2834E-02 -0.2548E+01    0.4428  0.5879E-08
  0.2185  -0.385E+03  0.2586E+01  0.1518E-03  0.1413E-02 -0.2850E+01    0.4014  0.7465E-08
  0.2055  -0.486E+03  0.2687E+01  0.1105E-03  0.6987E-03 -0.3156E+01    0.3633  0.9173E-08
  0.1935  -0.614E+03  0.2788E+01  0.8002E-04  0.3433E-03 -0.3464E+01    0.3283  0.1096E-07
  0.1826  -0.774E+03  0.2889E+01  0.5771E-04  0.1679E-03 -0.3775E+01    0.2964  0.1279E-07
  0.1727  -0.977E+03  0.2990E+01  0.4150E-04  0.8186E-04 -0.4087E+01    0.2674  0.1463E-07
  0.1637  -0.123E+04  0.3091E+01  0.2978E-04  0.3981E-04 -0.4400E+01    0.2411  0.1645E-07
  0.1556  -0.156E+04  0.3192E+01  0.2133E-04  0.1933E-04 -0.4714E+01    0.2174  0.1823E-07
  0.1483  -0.196E+04  0.3293E+01  0.1527E-04  0.9374E-05 -0.5028E+01    0.1959  0.1995E-07
  0.1416  -0.248E+04  0.3394E+01  0.1092E-04  0.4542E-05 -0.5343E+01    0.1765  0.2159E-07
  0.1357  -0.313E+04  0.3495E+01  0.7805E-05  0.2199E-05 -0.5658E+01    0.1590  0.2314E-07
  0.1303  -0.394E+04  0.3596E+01  0.5576E-05  0.1064E-05 -0.5973E+01    0.1433  0.2461E-07
  0.1254  -0.498E+04  0.3697E+01  0.3983E-05  0.5150E-06 -0.6288E+01    0.1290  0.2597E-07
  0.1210  -0.628E+04  0.3798E+01  0.2844E-05  0.2491E-06 -0.6604E+01    0.1162  0.2724E-07
  0.1171  -0.792E+04  0.3899E+01  0.2031E-05  0.1205E-06 -0.6919E+01    0.1047  0.2841E-07
  0.1135  -0.100E+05  0.4000E+01  0.1450E-05  0.5826E-07 -0.7235E+01    0.0943  0.2948E-07
end
 
  0.3700  -0.100E-05 -0.6000E+01  0.0000E+00  0.6430E+03  0.2808E+01    1.0000  0.0000E+00
  0.3700  -0.126E-05 -0.5899E+01  0.0000E+00  0.6430E+03  0.2808E+01    1.0000  0.0000E+00
  0.3700  -0.159E-05 -0.5798E+01  0.0000E+00  0.6430E+03  0.2808E+01    1.0000  0.0000E+00
  0.3700  -0.201E-05 -0.5697E+01  0.0000E+00  0.6430E+03  0.2808E+01    1.0000  0.0000E+00
  0.3700  -0.254E-05 -0.5596E+01  0.0000E+00  0.6430E+03  0.2808E+01    1.0000  0.0000E+00
  0.3700  -0.320E-05 -0.5495E+01  0.0000E+00  0.6430E+03  0.2808E+01    1.0000  0.0000E+00
  0.3700  -0.404E-05 -0.5394E+01  0.0000E+00  0.6430E+03  0.2808E+01    1.0000  0.0000E+00
  0.3700  -0.509E-05 -0.5293E+01  0.0000E+00  0.6430E+03  0.2808E+01    1.0000  0.0000E+00
  0.3700  -0.643E-05 -0.5192E+01  0.0000E+00  0.6430E+03  0.2808E+01    1.0000  0.0000E+00
  0.3700  -0.811E-05 -0.5091E+01  0.0000E+00  0.6430E+03  0.2808E+01    1.0000  0.0000E+00
  0.3700  -0.102E-04 -0.4990E+01  0.0000E+00  0.6430E+03  0.2808E+01    1.0000  0.0000E+00
  0.3700  -0.129E-04 -0.4889E+01  0.0000E+00  0.6430E+03  0.2808E+01    1.0000  0.0000E+00
  0.3700  -0.163E-04 -0.4788E+01  0.0000E+00  0.6430E+03  0.2808E+01    1.0000  0.0000E+00
  0.3700  -0.206E-04 -0.4687E+01  0.0000E+00  0.6430E+03  0.2808E+01    1.0000  0.0000E+00
  0.3700  -0.260E-04 -0.4586E+01  0.0000E+00  0.6430E+03  0.2808E+01    1.0000  0.0000E+00
  0.3700  -0.327E-04 -0.4485E+01  0.0000E+00  0.6430E+03  0.2808E+01    1.0000  0.0000E+00
  0.3700  -0.413E-04 -0.4384E+01  0.0000E+00  0.6430E+03  0.2808E+01    1.0000  0.0000E+00
  0.3700  -0.521E-04 -0.4283E+01  0.0000E+00  0.6430E+03  0.2808E+01    1.0000  0.0000E+00
  0.3700  -0.658E-04 -0.4182E+01  0.0000E+00  0.6430E+03  0.2808E+01    1.0000  0.0000E+00
  0.3700  -0.830E-04 -0.4081E+01  0.0000E+00  0.6430E+03  0.2808E+01    1.0000  0.0000E+00
  0.3700  -0.105E-03 -0.3980E+01  0.0000E+00  0.6430E+03  0.2808E+01    1.0000  0.0000E+00
  0.3700  -0.132E-03 -0.3879E+01  0.0000E+00  0.6430E+03  0.2808E+01    1.0000  0.0000E+00
  0.3700  -0.167E-03 -0.3778E+01  0.0000E+00  0.6430E+03  0.2808E+01    1.0000  0.0000E+00
  0.3700  -0.210E-03 -0.3677E+01  0.0000E+00  0.6430E+03  0.2808E+01    1.0000  0.0000E+00
  0.3700  -0.266E-03 -0.3576E+01  0.0000E+00  0.6430E+03  0.2808E+01    1.0000  0.0000E+00
  0.3700  -0.335E-03 -0.3475E+01  0.0000E+00  0.6430E+03  0.2808E+01    1.0000  0.0000E+00
  0.3700  -0.423E-03 -0.3374E+01  0.0000E+00  0.6430E+03  0.2808E+01    1.0000  0.0000E+00
  0.3700  -0.534E-03 -0.3273E+01  0.0000E+00  0.6430E+03  0.2808E+01    1.0000  0.0000E+00
  0.3700  -0.673E-03 -0.3172E+01  0.2047E-11  0.6430E+03  0.2808E+01    1.0000  0.0000E+00
  0.3700  -0.850E-03 -0.3071E+01  0.3399E-11  0.6430E+03  0.2808E+01    1.0000  0.0000E+00
  0.3700  -0.107E-02 -0.2970E+01  0.5644E-11  0.6430E+03  0.2808E+01    1.0000  0.0000E+00
  0.3700  -0.135E-02 -0.2869E+01  0.9371E-11  0.6430E+03  0.2808E+01    1.0000  0.0000E+00
  0.3700  -0.171E-02 -0.2768E+01  0.1556E-10  0.6430E+03  0.2808E+01    1.0000  0.0000E+00
  0.3700  -0.215E-02 -0.2667E+01  0.2583E-10  0.6430E+03  0.2808E+01    1.0000  0.0000E+00
  0.3700  -0.272E-02 -0.2566E+01  0.4289E-10  0.6430E+03  0.2808E+01    1.0000  0.0000E+00
  0.3700  -0.343E-02 -0.2465E+01  0.7122E-10  0.6430E+03  0.2808E+01    1.0000  0.0000E+00
  0.3700  -0.433E-02 -0.2364E+01  0.1183E-09  0.6430E+03  0.2808E+01    1.0000  0.0000E+00
  0.3700  -0.546E-02 -0.2263E+01  0.1963E-09  0.6430E+03  0.2808E+01    1.0000  0.0000E+00
  0.3700  -0.689E-02 -0.2162E+01  0.3260E-09  0.6430E+03  0.2808E+01    1.0000  0.0000E+00
  0.3700  -0.870E-02 -0.2061E+01  0.5413E-09  0.6430E+03  0.2808E+01    1.0000  0.0000E+00
  0.3700  -0.110E-01 -0.1960E+01  0.8987E-09  0.6430E+03  0.2808E+01    1.0000  0.0000E+00
  0.3700  -0.138E-01 -0.1859E+01  0.1492E-08  0.6430E+03  0.2808E+01    1.0000  0.0000E+00
  0.3700  -0.175E-01 -0.1758E+01  0.2478E-08  0.6430E+03  0.2808E+01    1.0000  0.0000E+00
  0.3700  -0.221E-01 -0.1657E+01  0.4114E-08  0.6430E+03  0.2808E+01    1.0000  0.0000E+00
  0.3700  -0.278E-01 -0.1556E+01  0.6830E-08  0.6430E+03  0.2808E+01    1.0000  0.0000E+00
  0.3700  -0.351E-01 -0.1455E+01  0.1134E-07  0.6430E+03  0.2808E+01    1.0000  0.0000E+00
  0.3700  -0.443E-01 -0.1354E+01  0.1883E-07  0.6430E+03  0.2808E+01    1.0000  0.0000E+00
  0.3700  -0.559E-01 -0.1253E+01  0.3126E-07  0.6430E+03  0.2808E+01    1.0000  0.0000E+00
  0.3700  -0.705E-01 -0.1152E+01  0.5191E-07  0.6430E+03  0.2808E+01    1.0000  0.0000E+00
  0.3700  -0.890E-01 -0.1051E+01  0.8618E-07  0.6430E+03  0.2808E+01    1.0000  0.0000E+00
  0.3700  -0.112E+00 -0.9495E+00  0.1431E-06  0.6430E+03  0.2808E+01    1.0000  0.0000E+00
  0.3700  -0.142E+00 -0.8485E+00  0.2376E-06  0.6430E+03  0.2808E+01    1.0000  0.0000E+00
  0.3700  -0.179E+00 -0.7475E+00  0.3945E-06  0.6430E+03  0.2808E+01    1.0000  0.1588E-30
  0.3700  -0.226E+00 -0.6465E+00  0.6550E-06  0.6429E+03  0.2808E+01    1.0000  0.1601E-29
  0.3700  -0.285E+00 -0.5455E+00  0.1088E-05  0.6429E+03  0.2808E+01    1.0000  0.6184E-29
  0.3700  -0.359E+00 -0.4444E+00  0.1806E-05  0.6429E+03  0.2808E+01    1.0000  0.1042E-27
  0.3700  -0.453E+00 -0.3434E+00  0.2998E-05  0.6428E+03  0.2808E+01    1.0000  0.1050E-26
  0.3700  -0.572E+00 -0.2424E+00  0.4978E-05  0.6427E+03  0.2808E+01    1.0000  0.1332E-25
  0.3700  -0.722E+00 -0.1414E+00  0.8265E-05  0.6425E+03  0.2808E+01    1.0000  0.1580E-24
  0.3700  -0.911E+00 -0.4040E-01  0.1372E-04  0.6423E+03  0.2808E+01    1.0000  0.1860E-23
  0.3700  -0.115E+01  0.6061E-01  0.2278E-04  0.6418E+03  0.2807E+01    1.0000  0.2174E-22
  0.3700  -0.145E+01  0.1616E+00  0.3783E-04  0.6410E+03  0.2807E+01    0.9999  0.2569E-21
  0.3700  -0.183E+01  0.2626E+00  0.6280E-04  0.6397E+03  0.2806E+01    0.9999  0.3023E-20
  0.3699  -0.231E+01  0.3636E+00  0.1042E-03  0.6375E+03  0.2804E+01    0.9998  0.3555E-19
  0.3698  -0.292E+01  0.4646E+00  0.1730E-03  0.6338E+03  0.2802E+01    0.9995  0.4182E-18
  0.3697  -0.368E+01  0.5657E+00  0.2868E-03  0.6277E+03  0.2798E+01    0.9990  0.4910E-17
  0.3693  -0.464E+01  0.6667E+00  0.4748E-03  0.6177E+03  0.2791E+01    0.9978  0.5752E-16
  0.3685  -0.586E+01  0.7677E+00  0.7838E-03  0.6011E+03  0.2779E+01    0.9955  0.6704E-15
  0.3670  -0.739E+01  0.8687E+00  0.1286E-02  0.5740E+03  0.2759E+01    0.9906  0.7730E-14
  0.3637  -0.933E+01  0.9697E+00  0.2082E-02  0.5307E+03  0.2725E+01    0.9805  0.8723E-13
  0.3572  -0.118E+02  0.1071E+01  0.3282E-02  0.4644E+03  0.2667E+01    0.9601  0.9417E-12
  0.3446  -0.148E+02  0.1172E+01  0.4915E-02  0.3704E+03  0.2569E+01    0.9206  0.9323E-11
  0.3218  -0.187E+02  0.1273E+01  0.6697E-02  0.2542E+03  0.2405E+01    0.8495  0.7867E-10
  0.2856  -0.236E+02  0.1374E+01  0.7824E-02  0.1398E+03  0.2146E+01    0.7363  0.5099E-09
  0.2376  -0.298E+02  0.1475E+01  0.7417E-02  0.5812E+02  0.1764E+01    0.5862  0.2289E-08
  0.1864  -0.376E+02  0.1576E+01  0.5620E-02  0.1813E+02  0.1258E+01    0.4261  0.6812E-08
  0.1418  -0.475E+02  0.1677E+01  0.3532E-02  0.4480E+01  0.6512E+00    0.2870  0.1404E-07
  0.1088  -0.599E+02  0.1778E+01  0.1957E-02  0.9485E+00 -0.2295E-01    0.1837  0.2205E-07
  0.0865  -0.756E+02  0.1879E+01  0.1008E-02  0.1838E+00 -0.7356E+00    0.1141  0.2896E-07
  0.0723  -0.955E+02  0.1980E+01  0.4994E-03  0.3400E-01 -0.1468E+01    0.0698  0.3408E-07
  0.0635  -0.120E+03  0.2081E+01  0.2428E-03  0.6145E-02 -0.2211E+01    0.0423  0.3754E-07
  0.0582  -0.152E+03  0.2182E+01  0.1169E-03  0.1098E-02 -0.2959E+01    0.0256  0.3978E-07
  0.0549  -0.192E+03  0.2283E+01  0.5603E-04  0.1951E-03 -0.3710E+01    0.0154  0.4117E-07
  0.0530  -0.242E+03  0.2384E+01  0.2679E-04  0.3458E-04 -0.4461E+01    0.0093  0.4203E-07
  0.0518  -0.305E+03  0.2485E+01  0.1280E-04  0.6120E-05 -0.5213E+01    0.0056  0.4256E-07
  0.0511  -0.385E+03  0.2586E+01  0.6113E-05  0.1083E-05 -0.5966E+01    0.0034  0.4287E-07
  0.0507  -0.486E+03  0.2687E+01  0.2918E-05  0.1915E-06 -0.6718E+01    0.0020  0.4306E-07
  0.0504  -0.614E+03  0.2788E+01  0.1393E-05  0.3385E-07 -0.7470E+01    0.0012  0.4317E-07
  0.0502  -0.774E+03  0.2889E+01  0.6649E-06  0.5985E-08 -0.8223E+01    0.0007  0.4324E-07
  0.0501  -0.977E+03  0.2990E+01  0.3174E-06  0.1058E-08 -0.8975E+01    0.0004  0.4327E-07
  0.0501  -0.123E+04  0.3091E+01  0.1515E-06  0.1871E-09 -0.9728E+01    0.0003  0.4329E-07
  0.0501  -0.156E+04  0.3192E+01  0.7230E-07  0.3308E-10 -0.1048E+02    0.0002  0.4330E-07
  0.0500  -0.196E+04  0.3293E+01  0.3451E-07  0.5848E-11 -0.1123E+02    0.0001  0.4329E-07
  0.0500  -0.248E+04  0.3394E+01  0.1647E-07  0.1034E-11 -0.1199E+02    0.0001  0.4328E-07
  0.0500  -0.313E+04  0.3495E+01  0.7862E-08  0.1828E-12 -0.1274E+02    0.0000  0.4327E-07
  0.0500  -0.394E+04  0.3596E+01  0.3752E-08  0.3232E-13 -0.1349E+02    0.0000  0.4324E-07
  0.0500  -0.498E+04  0.3697E+01  0.1791E-08  0.5714E-14 -0.1424E+02    0.0000  0.4321E-07
  0.0500  -0.628E+04  0.3798E+01  0.8548E-09  0.1010E-14 -0.1500E+02    0.0000  0.4317E-07
  0.0500  -0.792E+04  0.3899E+01  0.4080E-09  0.1786E-15 -0.1575E+02    0.0000  0.4312E-07
  0.0500  -0.100E+05  0.4000E+01  0.1947E-09  0.3157E-16 -0.1650E+02    0.0000  0.4306E-07
end

 Root growth information
 =======================
 tRMin =    115.000 tRHarv =    245.000
 xRMin =      0.000 xRMax =     60.000
 Root growth rate =   0.257E+00
